[2025-08-09T13:04:00.335Z] EXPORT: === GET AVAILABLE YEARS GESTART ===
[2025-08-09T13:04:00.338Z] EXPORT: Gelezen history data: 2 entries
[2025-08-09T13:04:00.339Z] EXPORT: Entry datum: 2025-08-06 -> jaar: 2025
[2025-08-09T13:04:00.340Z] EXPORT: Entry datum: 2025-08-08 -> jaar: 2025
[2025-08-09T13:04:00.341Z] EXPORT: Beschikbare jaren gevonden: [2025]
[2025-08-09T13:04:00.342Z] EXPORT: === GET AVAILABLE YEARS VOLTOOID ===
[2025-08-09T14:34:01.635Z] EXPORT: Exports directory aangemaakt: C:\Users\kevin\Documents\beyrede_escalade\backend\data\exports
[2025-08-09T15:53:01.295Z] EXPORT: === GET AVAILABLE YEARS GESTART ===
[2025-08-09T15:53:01.300Z] EXPORT: Gelezen history data: 2 entries
[2025-08-09T15:53:01.301Z] EXPORT: Entry datum: 2025-08-06 -> jaar: 2025
[2025-08-09T15:53:01.303Z] EXPORT: Entry datum: 2025-08-08 -> jaar: 2025
[2025-08-09T15:53:01.304Z] EXPORT: Beschikbare jaren gevonden: [2025]
[2025-08-09T15:53:01.305Z] EXPORT: === GET AVAILABLE YEARS VOLTOOID ===
[2025-08-09T15:59:18.494Z] EXPORT: === GET AVAILABLE YEARS GESTART ===
[2025-08-09T15:59:18.497Z] EXPORT: Gelezen history data: 2 entries
[2025-08-09T15:59:18.499Z] EXPORT: Entry datum: 2025-08-06 -> jaar: 2025
[2025-08-09T15:59:18.502Z] EXPORT: Entry datum: 2025-08-08 -> jaar: 2025
[2025-08-09T15:59:18.504Z] EXPORT: Beschikbare jaren gevonden: [2025]
[2025-08-09T15:59:18.506Z] EXPORT: === GET AVAILABLE YEARS VOLTOOID ===
[2025-08-09T15:59:32.665Z] EXPORT: === JAARLIJKSE EXCEL EXPORT GESTART (2025) ===
[2025-08-09T15:59:32.704Z] EXPORT: Excel export succesvol: presences-2025-export-2025-08-09T15-59.xlsx
[2025-08-09T15:59:32.706Z] EXPORT: Totaal 47 records geëxporteerd
[2025-08-09T15:59:32.708Z] EXPORT: Bestand opgeslagen: C:\Users\kevin\Documents\beyrede_escalade\backend\data\exports\presences-2025-export-2025-08-09T15-59.xlsx
[2025-08-09T15:59:32.710Z] EXPORT: === JAARLIJKSE EXCEL EXPORT VOLTOOID (2025) ===
[2025-08-09T16:09:30.808Z] EXPORT: === GET AVAILABLE YEARS GESTART ===
[2025-08-09T16:09:30.812Z] EXPORT: Gelezen history data: 2 entries
[2025-08-09T16:09:30.814Z] EXPORT: Entry datum: 2025-08-06 -> jaar: 2025
[2025-08-09T16:09:30.816Z] EXPORT: Entry datum: 2025-08-08 -> jaar: 2025
[2025-08-09T16:09:30.818Z] EXPORT: Beschikbare jaren gevonden: [2025]
[2025-08-09T16:09:30.819Z] EXPORT: === GET AVAILABLE YEARS VOLTOOID ===
[2025-08-10T13:33:10.746Z] EXPORT: Huidige seizoen: 2025-2026 (Tue Jul 01 2025 - Tue Jun 30 2026)
[2025-08-10T13:33:10.750Z] EXPORT: Seizoen statistieken gegenereerd: {"seasonName":"2025-2026","totalDays":3,"totalVisits":50,"adherents":{"total":23,"ageGroups":{"< 8 ans":0,"8-18 ans":0,"> 18 ans (adultes)":0,"Inconnu":23}},"nonAdherents":{"total":27,"ageGroups":{"< 8 ans":4,"8-18 ans":4,"> 18 ans (adultes)":17,"Inconnu":2},"totalPaid":236},"paymentMethods":{"Especes":7,"CB":5,"Cheque":7}}
[2025-08-10T14:05:30.900Z] EXPORT: 🔄 createTestDataIfNeeded gestart
[2025-08-10T14:05:30.904Z] EXPORT: ✅ presence-history.json bestaat al
[2025-08-10T14:05:50.603Z] EXPORT: 🔍 ===== GET AVAILABLE YEARS GESTART =====
[2025-08-10T14:05:50.606Z] EXPORT: 🔄 createTestDataIfNeeded gestart
[2025-08-10T14:05:50.608Z] EXPORT: ✅ presence-history.json bestaat al
[2025-08-10T14:05:50.611Z] EXPORT: 📊 Gelezen history data: 0 entries
[2025-08-10T14:05:50.614Z] EXPORT: ❌ History data is leeg of geen array
[2025-08-10T14:06:52.289Z] EXPORT: 📊 generateSeasonStatistics gestart
[2025-08-10T14:06:52.292Z] EXPORT: 📊 getCurrentSeasonData gestart
[2025-08-10T14:06:52.297Z] EXPORT: 📅 Huidige seizoen: 2025-2026 (Tue Jul 01 2025 - Tue Jun 30 2026)
[2025-08-10T14:06:52.300Z] EXPORT: ✅ getCurrentSeasonData: 0 entries gevonden
[2025-08-10T14:06:52.304Z] EXPORT: ⚠️ Geen seizoen data voor statistieken
[2025-08-10T14:06:59.482Z] EXPORT: 📊 generateSeasonStatistics gestart
[2025-08-10T14:06:59.485Z] EXPORT: 📊 getCurrentSeasonData gestart
[2025-08-10T14:06:59.487Z] EXPORT: 📅 Huidige seizoen: 2025-2026 (Tue Jul 01 2025 - Tue Jun 30 2026)
[2025-08-10T14:06:59.489Z] EXPORT: ✅ getCurrentSeasonData: 0 entries gevonden
[2025-08-10T14:06:59.491Z] EXPORT: ⚠️ Geen seizoen data voor statistieken
[2025-08-10T14:07:01.075Z] EXPORT: 🔍 ===== GET AVAILABLE YEARS GESTART =====
[2025-08-10T14:07:01.078Z] EXPORT: 🔄 createTestDataIfNeeded gestart
[2025-08-10T14:07:01.080Z] EXPORT: ✅ presence-history.json bestaat al
[2025-08-10T14:07:01.083Z] EXPORT: 📊 Gelezen history data: 0 entries
[2025-08-10T14:07:01.085Z] EXPORT: ❌ History data is leeg of geen array
[2025-08-10T14:10:37.263Z] EXPORT: 🔄 createTestDataIfNeeded gestart
[2025-08-10T14:10:37.265Z] EXPORT: ✅ presence-history.json bestaat al
[2025-08-10T14:10:38.772Z] EXPORT: 🔍 ===== GET AVAILABLE YEARS GESTART =====
[2025-08-10T14:10:38.776Z] EXPORT: 🔄 createTestDataIfNeeded gestart
[2025-08-10T14:10:38.779Z] EXPORT: ✅ presence-history.json bestaat al
[2025-08-10T14:10:38.781Z] EXPORT: 📊 Gelezen history data: 0 entries
[2025-08-10T14:10:38.783Z] EXPORT: ❌ History data is leeg of geen array
[2025-08-10T15:04:17.808Z] EXPORT: 📝 presence-history.json ontbreekt of leeg/ongeldig, testdata aanmaken!
[2025-08-10T15:04:17.818Z] EXPORT: ✅ Testdata aangemaakt voor jaren: 2023, 2024, 2025
[2025-08-10T15:04:23.245Z] EXPORT: ✅ Er is al geldige presence-history.json aanwezig
[2025-08-10T15:04:23.249Z] EXPORT: ✅ Er is al geldige presence-history.json aanwezig
[2025-08-10T15:04:35.276Z] EXPORT: ✅ Er is al geldige presence-history.json aanwezig
[2025-08-10T15:04:41.808Z] EXPORT: ✅ Er is al geldige presence-history.json aanwezig
[2025-08-10T15:08:10.074Z] EXPORT: ✅ Er is al geldige presence-history.json aanwezig
[2025-08-10T15:08:10.077Z] EXPORT: ✅ Er is al geldige presence-history.json aanwezig
[2025-08-10T15:26:17.687Z] EXPORT: ✅ Er is al geldige presence-history.json aanwezig
[2025-08-11T06:17:03.542Z] EXPORT: ✅ Er is al geldige presence-history.json aanwezig
[2025-08-11T06:17:03.545Z] EXPORT: ✅ Er is al geldige presence-history.json aanwezig
[2025-08-11T10:25:38.359Z] EXPORT: ✅ Er is al geldige presence-history.json aanwezig
[2025-08-11T10:25:38.362Z] EXPORT: ✅ Er is al geldige presence-history.json aanwezig
[2025-08-11T10:25:52.603Z] EXPORT: ✅ Er is al geldige presence-history.json aanwezig
[2025-08-28T13:30:08.480Z] EXPORT: ✅ Er is al geldige presence-history.json aanwezig
[2025-08-28T14:03:48.387Z] EXPORT: ✅ Er is al geldige presence-history.json aanwezig
[2025-08-28T14:05:20.696Z] EXPORT: ✅ Er is al geldige presence-history.json aanwezig
[2025-08-28T14:05:36.548Z] EXPORT: ✅ Er is al geldige presence-history.json aanwezig
[2025-08-28T14:47:48.090Z] EXPORT: ✅ Er is al geldige presence-history.json aanwezig
[2025-08-28T14:48:34.372Z] EXPORT: ✅ Er is al geldige presence-history.json aanwezig
[2025-08-28T14:48:34.403Z] EXPORT: ✅ Excel export created: presences-2025-export-2025-08-28T14-48.xlsx with 5 records
[2025-08-28T15:58:26.655Z] EXPORT: ✅ Er is al geldige presence-history.json aanwezig
[2025-08-29T14:13:47.109Z] EXPORT: ✅ Er is al geldige presence-history.json aanwezig
[2025-08-29T14:14:28.590Z] EXPORT: ✅ Er is al geldige presence-history.json aanwezig
[2025-08-30T07:34:30.294Z] EXPORT: ✅ Er is al geldige presence-history.json aanwezig
[2025-08-30T07:37:40.306Z] EXPORT: ✅ Er is al geldige presence-history.json aanwezig
[2025-08-30T08:43:43.344Z] EXPORT: ✅ Er is al geldige presence-history.json aanwezig
[2025-08-30T12:04:50.958Z] EXPORT: ✅ Er is al geldige presence-history.json aanwezig
[2025-08-30T13:02:33.367Z] EXPORT: ✅ Er is al geldige presence-history.json aanwezig
[2025-08-30T13:03:15.387Z] EXPORT: ✅ Er is al geldige presence-history.json aanwezig
[2025-08-30T14:42:30.348Z] EXPORT: ✅ Er is al geldige presence-history.json aanwezig
[2025-09-28T11:02:29.088Z] === EXPORT YEAR 2025 TO EXCEL STARTED ===
[2025-09-28T11:02:29.095Z] Found 28 presences for year 2025
[2025-09-28T11:02:29.129Z] Excel export saved: Export_Année_2025.xlsx
[2025-09-28T11:02:29.131Z] === EXPORT YEAR 2025 TO EXCEL COMPLETED ===
[2025-09-28T11:02:31.415Z] === EXPORT YEAR 2025 TO EXCEL STARTED ===
[2025-09-28T11:02:31.418Z] Found 28 presences for year 2025
[2025-09-28T11:02:31.428Z] Excel export saved: Export_Année_2025.xlsx
[2025-09-28T11:02:31.431Z] === EXPORT YEAR 2025 TO EXCEL COMPLETED ===
[2025-09-28T11:02:35.497Z] === EXPORT YEAR 2025 TO EXCEL STARTED ===
[2025-09-28T11:02:35.500Z] Found 28 presences for year 2025
[2025-09-28T11:02:35.510Z] Excel export saved: Export_Année_2025.xlsx
[2025-09-28T11:02:35.512Z] === EXPORT YEAR 2025 TO EXCEL COMPLETED ===
[2025-09-28T11:30:19.086Z] === EXPORT YEAR 2025 TO EXCEL STARTED ===
[2025-09-28T11:30:19.088Z] Found 28 presences for year 2025
[2025-09-28T11:30:19.097Z] Excel export saved: Export_Année_2025.xlsx
[2025-09-28T11:30:19.098Z] === EXPORT YEAR 2025 TO EXCEL COMPLETED ===
[2025-09-28T17:12:09.288Z] === EXPORT YEAR 2025 TO EXCEL STARTED (INCLUDING FAILED ATTEMPTS) ===
[2025-09-28T17:12:09.291Z] Found 35 total presences for year 2025
[2025-09-28T17:12:09.293Z] Year 2025 breakdown - Adherents: 18, Non-adherents: 14, Failed attempts: 3
[2025-09-28T17:12:09.329Z] Excel export saved: Export_Année_2025_avec_tentatives.xlsx
[2025-09-28T17:12:09.332Z] Total records: 35 (Adherents: 18, Non-adherents: 14, Failed: 3)
[2025-09-28T17:12:09.333Z] === EXPORT YEAR 2025 TO EXCEL COMPLETED ===
[2025-09-28T17:12:14.179Z] === EXPORT YEAR 2025 TO EXCEL STARTED (INCLUDING FAILED ATTEMPTS) ===
[2025-09-28T17:12:14.182Z] Found 35 total presences for year 2025
[2025-09-28T17:12:14.184Z] Year 2025 breakdown - Adherents: 18, Non-adherents: 14, Failed attempts: 3
[2025-09-28T17:12:14.196Z] Excel export saved: Export_Année_2025_avec_tentatives.xlsx
[2025-09-28T17:12:14.198Z] Total records: 35 (Adherents: 18, Non-adherents: 14, Failed: 3)
[2025-09-28T17:12:14.200Z] === EXPORT YEAR 2025 TO EXCEL COMPLETED ===
[2025-09-28T17:12:21.655Z] === EXPORT YEAR 2025 TO EXCEL STARTED (INCLUDING FAILED ATTEMPTS) ===
[2025-09-28T17:12:21.658Z] Found 35 total presences for year 2025
[2025-09-28T17:12:21.660Z] Year 2025 breakdown - Adherents: 18, Non-adherents: 14, Failed attempts: 3
[2025-09-28T17:12:21.669Z] Excel export saved: Export_Année_2025_avec_tentatives.xlsx
[2025-09-28T17:12:21.671Z] Total records: 35 (Adherents: 18, Non-adherents: 14, Failed: 3)
[2025-09-28T17:12:21.672Z] === EXPORT YEAR 2025 TO EXCEL COMPLETED ===
