[2025-07-13T13:04:45.916Z] Script gestart vanuit command line
[2025-07-13T13:04:45.924Z] === Synchronisation PEPsup démarrée ===
[2025-07-13T13:04:46.247Z] Internet verbinding OK
[2025-07-13T13:04:50.894Z] Backup gemaakt: C:\Users\kevin\Documents\beyrede_escalade\backend\data\members_backup_1752411890892.json
[2025-07-13T13:04:51.149Z] Synchronisation réussie: 612 membres synchronisés
[2025-07-13T13:04:51.151Z] === Synchronisation PEPsup terminée ===
[2025-07-13T13:04:51.153Z] Script voltooid: 612 leden gesynchroniseerd
[2025-07-13T13:05:39.567Z] Script gestart vanuit command line
[2025-07-13T13:05:39.570Z] === Synchronisation PEPsup démarrée ===
[2025-07-13T13:05:39.897Z] Internet verbinding OK
[2025-07-13T13:05:40.769Z] Backup gemaakt: C:\Users\kevin\Documents\beyrede_escalade\backend\data\members_backup_1752411940762.json
[2025-07-13T13:05:41.023Z] Synchronisation réussie: 612 membres synchronisés
[2025-07-13T13:05:41.025Z] === Synchronisation PEPsup terminée ===
[2025-07-13T13:05:41.026Z] Script voltooid: 612 leden gesynchroniseerd
[2025-07-13T14:05:40.130Z] Script gestart vanuit command line
[2025-07-13T14:05:40.133Z] === Synchronisation PEPsup démarrée ===
[2025-07-13T14:05:40.450Z] Internet verbinding OK
[2025-07-13T14:05:41.409Z] Backup gemaakt: C:\Users\kevin\Documents\beyrede_escalade\backend\data\members_backup_1752415541407.json
[2025-07-13T14:05:41.662Z] Synchronisation réussie: 612 membres synchronisés
[2025-07-13T14:05:41.664Z] === Synchronisation PEPsup terminée ===
[2025-07-13T14:05:41.665Z] Script voltooid: 612 leden gesynchroniseerd
[2025-07-13T15:05:40.117Z] Script gestart vanuit command line
[2025-07-13T15:05:40.120Z] === Synchronisation PEPsup démarrée ===
[2025-07-13T15:05:40.457Z] Internet verbinding OK
[2025-07-13T15:05:41.342Z] Backup gemaakt: C:\Users\kevin\Documents\beyrede_escalade\backend\data\members_backup_1752419141340.json
[2025-07-13T15:05:41.602Z] Synchronisation réussie: 612 membres synchronisés
[2025-07-13T15:05:41.603Z] === Synchronisation PEPsup terminée ===
[2025-07-13T15:05:41.605Z] Script voltooid: 612 leden gesynchroniseerd
[2025-07-13T16:05:40.147Z] Script gestart vanuit command line
[2025-07-13T16:05:40.150Z] === Synchronisation PEPsup démarrée ===
[2025-07-13T16:05:40.467Z] Internet verbinding OK
[2025-07-13T16:05:41.320Z] Backup gemaakt: C:\Users\kevin\Documents\beyrede_escalade\backend\data\members_backup_1752422741313.json
[2025-07-13T16:05:41.587Z] Synchronisation réussie: 612 membres synchronisés
[2025-07-13T16:05:41.589Z] === Synchronisation PEPsup terminée ===
[2025-07-13T16:05:41.590Z] Script voltooid: 612 leden gesynchroniseerd
